[22:48:28 - AWT-EventQueue-1] [Cooja.java:2856] [INFO] - External tools default settings: /external_tools_linux_64.config
[22:48:28 - AWT-EventQueue-1] [Cooja.java:2886] [INFO] - External tools user settings: /root/.cooja.user.properties
[22:48:35 - Thread-1] [Simulation.java:422] [INFO] - Simulation random seed: -3880817019948932214
[22:48:46 - Thread-3] [Simulation.java:422] [INFO] - Simulation random seed: 9173146693300659226
[22:48:46 - Thread-3] [CompileContiki.java:140] [INFO] - > make app-any-to-any.sky TARGET=sky 
[22:48:46 - Thread-3] [MspMote.java:235] [INFO] - Loading firmware from: /home/mahyoub/Dropbox/Implementation/orpl/examples-full/app-any-to-any.sky
[22:48:46 - Thread-3] [MspMote.java:235] [INFO] - Loading firmware from: /home/mahyoub/Dropbox/Implementation/orpl/examples-full/app-any-to-any.sky
[22:48:46 - Thread-3] [MspMote.java:235] [INFO] - Loading firmware from: /home/mahyoub/Dropbox/Implementation/orpl/examples-full/app-any-to-any.sky
[22:48:46 - Thread-3] [MspMote.java:235] [INFO] - Loading firmware from: /home/mahyoub/Dropbox/Implementation/orpl/examples-full/app-any-to-any.sky
[22:48:46 - Thread-3] [MspMote.java:235] [INFO] - Loading firmware from: /home/mahyoub/Dropbox/Implementation/orpl/examples-full/app-any-to-any.sky
[22:48:46 - Thread-3] [MspMote.java:235] [INFO] - Loading firmware from: /home/mahyoub/Dropbox/Implementation/orpl/examples-full/app-any-to-any.sky
[22:48:46 - Thread-3] [MspMote.java:235] [INFO] - Loading firmware from: /home/mahyoub/Dropbox/Implementation/orpl/examples-full/app-any-to-any.sky
[22:48:46 - Thread-3] [MspMote.java:235] [INFO] - Loading firmware from: /home/mahyoub/Dropbox/Implementation/orpl/examples-full/app-any-to-any.sky
[22:48:46 - Thread-3] [MspMote.java:235] [INFO] - Loading firmware from: /home/mahyoub/Dropbox/Implementation/orpl/examples-full/app-any-to-any.sky
[22:48:46 - Thread-3] [MspMote.java:235] [INFO] - Loading firmware from: /home/mahyoub/Dropbox/Implementation/orpl/examples-full/app-any-to-any.sky
[22:48:46 - Thread-3] [MspMote.java:235] [INFO] - Loading firmware from: /home/mahyoub/Dropbox/Implementation/orpl/examples-full/app-any-to-any.sky
[22:48:46 - Thread-3] [MspMote.java:235] [INFO] - Loading firmware from: /home/mahyoub/Dropbox/Implementation/orpl/examples-full/app-any-to-any.sky
[22:48:46 - Thread-3] [MspMote.java:235] [INFO] - Loading firmware from: /home/mahyoub/Dropbox/Implementation/orpl/examples-full/app-any-to-any.sky
[22:48:46 - Thread-3] [MspMote.java:235] [INFO] - Loading firmware from: /home/mahyoub/Dropbox/Implementation/orpl/examples-full/app-any-to-any.sky
[22:48:46 - Thread-3] [MspMote.java:235] [INFO] - Loading firmware from: /home/mahyoub/Dropbox/Implementation/orpl/examples-full/app-any-to-any.sky
[22:48:46 - Thread-3] [MspMote.java:235] [INFO] - Loading firmware from: /home/mahyoub/Dropbox/Implementation/orpl/examples-full/app-any-to-any.sky
[22:48:46 - Thread-3] [MspMote.java:235] [INFO] - Loading firmware from: /home/mahyoub/Dropbox/Implementation/orpl/examples-full/app-any-to-any.sky
[22:48:46 - Thread-3] [MspMote.java:235] [INFO] - Loading firmware from: /home/mahyoub/Dropbox/Implementation/orpl/examples-full/app-any-to-any.sky
[22:48:46 - Thread-3] [MspMote.java:235] [INFO] - Loading firmware from: /home/mahyoub/Dropbox/Implementation/orpl/examples-full/app-any-to-any.sky
[22:48:46 - Thread-3] [MspMote.java:235] [INFO] - Loading firmware from: /home/mahyoub/Dropbox/Implementation/orpl/examples-full/app-any-to-any.sky
[22:48:46 - Thread-3] [MspMote.java:235] [INFO] - Loading firmware from: /home/mahyoub/Dropbox/Implementation/orpl/examples-full/app-any-to-any.sky
[22:48:46 - Thread-3] [MspMote.java:235] [INFO] - Loading firmware from: /home/mahyoub/Dropbox/Implementation/orpl/examples-full/app-any-to-any.sky
[22:48:46 - Thread-3] [MspMote.java:235] [INFO] - Loading firmware from: /home/mahyoub/Dropbox/Implementation/orpl/examples-full/app-any-to-any.sky
[22:48:46 - Thread-3] [MspMote.java:235] [INFO] - Loading firmware from: /home/mahyoub/Dropbox/Implementation/orpl/examples-full/app-any-to-any.sky
[22:48:46 - Thread-3] [MspMote.java:235] [INFO] - Loading firmware from: /home/mahyoub/Dropbox/Implementation/orpl/examples-full/app-any-to-any.sky
[22:48:46 - Thread-3] [MspMote.java:235] [INFO] - Loading firmware from: /home/mahyoub/Dropbox/Implementation/orpl/examples-full/app-any-to-any.sky
[22:48:46 - Thread-3] [MspMote.java:235] [INFO] - Loading firmware from: /home/mahyoub/Dropbox/Implementation/orpl/examples-full/app-any-to-any.sky
[22:48:46 - Thread-3] [MspMote.java:235] [INFO] - Loading firmware from: /home/mahyoub/Dropbox/Implementation/orpl/examples-full/app-any-to-any.sky
[22:48:46 - Thread-3] [MspMote.java:235] [INFO] - Loading firmware from: /home/mahyoub/Dropbox/Implementation/orpl/examples-full/app-any-to-any.sky
[22:48:46 - Thread-3] [MspMote.java:235] [INFO] - Loading firmware from: /home/mahyoub/Dropbox/Implementation/orpl/examples-full/app-any-to-any.sky
[22:48:46 - Thread-3] [MspMote.java:235] [INFO] - Loading firmware from: /home/mahyoub/Dropbox/Implementation/orpl/examples-full/app-any-to-any.sky
[22:48:46 - Thread-3] [MspMote.java:235] [INFO] - Loading firmware from: /home/mahyoub/Dropbox/Implementation/orpl/examples-full/app-any-to-any.sky
[22:48:46 - Thread-3] [MspMote.java:235] [INFO] - Loading firmware from: /home/mahyoub/Dropbox/Implementation/orpl/examples-full/app-any-to-any.sky
[22:48:46 - Thread-3] [MspMote.java:235] [INFO] - Loading firmware from: /home/mahyoub/Dropbox/Implementation/orpl/examples-full/app-any-to-any.sky
[22:48:46 - Thread-3] [MspMote.java:235] [INFO] - Loading firmware from: /home/mahyoub/Dropbox/Implementation/orpl/examples-full/app-any-to-any.sky
[22:48:46 - Thread-3] [MspMote.java:235] [INFO] - Loading firmware from: /home/mahyoub/Dropbox/Implementation/orpl/examples-full/app-any-to-any.sky
[22:48:46 - Thread-3] [MspMote.java:235] [INFO] - Loading firmware from: /home/mahyoub/Dropbox/Implementation/orpl/examples-full/app-any-to-any.sky
[22:48:46 - Thread-3] [MspMote.java:235] [INFO] - Loading firmware from: /home/mahyoub/Dropbox/Implementation/orpl/examples-full/app-any-to-any.sky
[22:48:46 - Thread-3] [MspMote.java:235] [INFO] - Loading firmware from: /home/mahyoub/Dropbox/Implementation/orpl/examples-full/app-any-to-any.sky
[22:48:46 - Thread-3] [MspMote.java:235] [INFO] - Loading firmware from: /home/mahyoub/Dropbox/Implementation/orpl/examples-full/app-any-to-any.sky
[22:48:46 - Thread-3] [MspMote.java:235] [INFO] - Loading firmware from: /home/mahyoub/Dropbox/Implementation/orpl/examples-full/app-any-to-any.sky
[22:48:46 - Thread-3] [MspMote.java:235] [INFO] - Loading firmware from: /home/mahyoub/Dropbox/Implementation/orpl/examples-full/app-any-to-any.sky
[22:48:46 - Thread-3] [MspMote.java:235] [INFO] - Loading firmware from: /home/mahyoub/Dropbox/Implementation/orpl/examples-full/app-any-to-any.sky
[22:48:46 - Thread-3] [MspMote.java:235] [INFO] - Loading firmware from: /home/mahyoub/Dropbox/Implementation/orpl/examples-full/app-any-to-any.sky
[22:48:46 - Thread-3] [MspMote.java:235] [INFO] - Loading firmware from: /home/mahyoub/Dropbox/Implementation/orpl/examples-full/app-any-to-any.sky
[22:48:46 - Thread-3] [MspMote.java:235] [INFO] - Loading firmware from: /home/mahyoub/Dropbox/Implementation/orpl/examples-full/app-any-to-any.sky
[22:48:46 - Thread-3] [MspMote.java:235] [INFO] - Loading firmware from: /home/mahyoub/Dropbox/Implementation/orpl/examples-full/app-any-to-any.sky
[22:48:46 - Thread-3] [MspMote.java:235] [INFO] - Loading firmware from: /home/mahyoub/Dropbox/Implementation/orpl/examples-full/app-any-to-any.sky
[22:48:46 - Thread-3] [MspMote.java:235] [INFO] - Loading firmware from: /home/mahyoub/Dropbox/Implementation/orpl/examples-full/app-any-to-any.sky
[22:48:46 - Thread-3] [MspMote.java:235] [INFO] - Loading firmware from: /home/mahyoub/Dropbox/Implementation/orpl/examples-full/app-any-to-any.sky
[22:48:47 - Thread-3] [ScriptRunner.java:430] [INFO] - Test script deactivated
[22:48:47 - Thread-3] [LogScriptEngine.java:265] [INFO] - Script timeout in 21000000 ms
[22:48:47 - Thread-3] [ScriptRunner.java:387] [INFO] - Test script activated
[22:48:47 - Thread-3] [Visualizer.java:256] [INFO] - Registered external visualizer: org.contikios.cooja.plugins.skins.DGRMVisualizerSkin
[22:48:51 - Thread-6] [Simulation.java:253] [INFO] - Simulation main loop started, system time: 1590868131125
[23:01:23 - Thread-5] [LogScriptEngine.java:309] [INFO] - Test script finished
[23:01:23 - AWT-EventQueue-1] [ScriptRunner.java:430] [INFO] - Test script deactivated
[23:01:23 - Thread-6] [Simulation.java:312] [INFO] - Simulation main loop stopped, system time: 1590868883675	Duration: 752550 ms	Simulated time 543511 ms	Ratio 0.7222257657298519
[23:01:23 - Thread-7] [AbstractRadioMedium.java:196] [FATAL] - Connection source turned off radio: org.contikios.cooja.mspmote.interfaces.Msp802154Radio@64bd9b1
[23:01:23 - Thread-7] [AbstractRadioMedium.java:196] [FATAL] - Connection source turned off radio: org.contikios.cooja.mspmote.interfaces.Msp802154Radio@5c317501
[23:01:23 - Thread-7] [AbstractRadioMedium.java:196] [FATAL] - Connection source turned off radio: org.contikios.cooja.mspmote.interfaces.Msp802154Radio@1d293172
[23:01:23 - Thread-7] [Simulation.java:422] [INFO] - Simulation random seed: 9173146693300659226
[23:01:23 - Thread-7] [CompileContiki.java:140] [INFO] - > make app-any-to-any.sky TARGET=sky 
[23:01:32 - Thread-7] [MspMote.java:235] [INFO] - Loading firmware from: /home/mahyoub/Dropbox/Implementation/orpl/examples-full/app-any-to-any.sky
[23:01:32 - Thread-7] [MspMote.java:235] [INFO] - Loading firmware from: /home/mahyoub/Dropbox/Implementation/orpl/examples-full/app-any-to-any.sky
[23:01:32 - Thread-7] [MspMote.java:235] [INFO] - Loading firmware from: /home/mahyoub/Dropbox/Implementation/orpl/examples-full/app-any-to-any.sky
[23:01:32 - Thread-7] [MspMote.java:235] [INFO] - Loading firmware from: /home/mahyoub/Dropbox/Implementation/orpl/examples-full/app-any-to-any.sky
[23:01:32 - Thread-7] [MspMote.java:235] [INFO] - Loading firmware from: /home/mahyoub/Dropbox/Implementation/orpl/examples-full/app-any-to-any.sky
[23:01:32 - Thread-7] [MspMote.java:235] [INFO] - Loading firmware from: /home/mahyoub/Dropbox/Implementation/orpl/examples-full/app-any-to-any.sky
[23:01:32 - Thread-7] [MspMote.java:235] [INFO] - Loading firmware from: /home/mahyoub/Dropbox/Implementation/orpl/examples-full/app-any-to-any.sky
[23:01:32 - Thread-7] [MspMote.java:235] [INFO] - Loading firmware from: /home/mahyoub/Dropbox/Implementation/orpl/examples-full/app-any-to-any.sky
[23:01:32 - Thread-7] [MspMote.java:235] [INFO] - Loading firmware from: /home/mahyoub/Dropbox/Implementation/orpl/examples-full/app-any-to-any.sky
[23:01:32 - Thread-7] [MspMote.java:235] [INFO] - Loading firmware from: /home/mahyoub/Dropbox/Implementation/orpl/examples-full/app-any-to-any.sky
[23:01:32 - Thread-7] [MspMote.java:235] [INFO] - Loading firmware from: /home/mahyoub/Dropbox/Implementation/orpl/examples-full/app-any-to-any.sky
[23:01:32 - Thread-7] [MspMote.java:235] [INFO] - Loading firmware from: /home/mahyoub/Dropbox/Implementation/orpl/examples-full/app-any-to-any.sky
[23:01:32 - Thread-7] [MspMote.java:235] [INFO] - Loading firmware from: /home/mahyoub/Dropbox/Implementation/orpl/examples-full/app-any-to-any.sky
[23:01:32 - Thread-7] [MspMote.java:235] [INFO] - Loading firmware from: /home/mahyoub/Dropbox/Implementation/orpl/examples-full/app-any-to-any.sky
[23:01:32 - Thread-7] [MspMote.java:235] [INFO] - Loading firmware from: /home/mahyoub/Dropbox/Implementation/orpl/examples-full/app-any-to-any.sky
[23:01:32 - Thread-7] [MspMote.java:235] [INFO] - Loading firmware from: /home/mahyoub/Dropbox/Implementation/orpl/examples-full/app-any-to-any.sky
[23:01:32 - Thread-7] [MspMote.java:235] [INFO] - Loading firmware from: /home/mahyoub/Dropbox/Implementation/orpl/examples-full/app-any-to-any.sky
[23:01:32 - Thread-7] [MspMote.java:235] [INFO] - Loading firmware from: /home/mahyoub/Dropbox/Implementation/orpl/examples-full/app-any-to-any.sky
[23:01:32 - Thread-7] [MspMote.java:235] [INFO] - Loading firmware from: /home/mahyoub/Dropbox/Implementation/orpl/examples-full/app-any-to-any.sky
[23:01:32 - Thread-7] [MspMote.java:235] [INFO] - Loading firmware from: /home/mahyoub/Dropbox/Implementation/orpl/examples-full/app-any-to-any.sky
[23:01:32 - Thread-7] [MspMote.java:235] [INFO] - Loading firmware from: /home/mahyoub/Dropbox/Implementation/orpl/examples-full/app-any-to-any.sky
[23:01:32 - Thread-7] [MspMote.java:235] [INFO] - Loading firmware from: /home/mahyoub/Dropbox/Implementation/orpl/examples-full/app-any-to-any.sky
[23:01:32 - Thread-7] [MspMote.java:235] [INFO] - Loading firmware from: /home/mahyoub/Dropbox/Implementation/orpl/examples-full/app-any-to-any.sky
[23:01:32 - Thread-7] [MspMote.java:235] [INFO] - Loading firmware from: /home/mahyoub/Dropbox/Implementation/orpl/examples-full/app-any-to-any.sky
[23:01:32 - Thread-7] [MspMote.java:235] [INFO] - Loading firmware from: /home/mahyoub/Dropbox/Implementation/orpl/examples-full/app-any-to-any.sky
[23:01:32 - Thread-7] [MspMote.java:235] [INFO] - Loading firmware from: /home/mahyoub/Dropbox/Implementation/orpl/examples-full/app-any-to-any.sky
[23:01:32 - Thread-7] [MspMote.java:235] [INFO] - Loading firmware from: /home/mahyoub/Dropbox/Implementation/orpl/examples-full/app-any-to-any.sky
[23:01:32 - Thread-7] [MspMote.java:235] [INFO] - Loading firmware from: /home/mahyoub/Dropbox/Implementation/orpl/examples-full/app-any-to-any.sky
[23:01:32 - Thread-7] [MspMote.java:235] [INFO] - Loading firmware from: /home/mahyoub/Dropbox/Implementation/orpl/examples-full/app-any-to-any.sky
[23:01:32 - Thread-7] [MspMote.java:235] [INFO] - Loading firmware from: /home/mahyoub/Dropbox/Implementation/orpl/examples-full/app-any-to-any.sky
[23:01:32 - Thread-7] [MspMote.java:235] [INFO] - Loading firmware from: /home/mahyoub/Dropbox/Implementation/orpl/examples-full/app-any-to-any.sky
[23:01:32 - Thread-7] [MspMote.java:235] [INFO] - Loading firmware from: /home/mahyoub/Dropbox/Implementation/orpl/examples-full/app-any-to-any.sky
[23:01:32 - Thread-7] [MspMote.java:235] [INFO] - Loading firmware from: /home/mahyoub/Dropbox/Implementation/orpl/examples-full/app-any-to-any.sky
[23:01:32 - Thread-7] [MspMote.java:235] [INFO] - Loading firmware from: /home/mahyoub/Dropbox/Implementation/orpl/examples-full/app-any-to-any.sky
[23:01:32 - Thread-7] [MspMote.java:235] [INFO] - Loading firmware from: /home/mahyoub/Dropbox/Implementation/orpl/examples-full/app-any-to-any.sky
[23:01:32 - Thread-7] [MspMote.java:235] [INFO] - Loading firmware from: /home/mahyoub/Dropbox/Implementation/orpl/examples-full/app-any-to-any.sky
[23:01:32 - Thread-7] [MspMote.java:235] [INFO] - Loading firmware from: /home/mahyoub/Dropbox/Implementation/orpl/examples-full/app-any-to-any.sky
[23:01:32 - Thread-7] [MspMote.java:235] [INFO] - Loading firmware from: /home/mahyoub/Dropbox/Implementation/orpl/examples-full/app-any-to-any.sky
[23:01:32 - Thread-7] [MspMote.java:235] [INFO] - Loading firmware from: /home/mahyoub/Dropbox/Implementation/orpl/examples-full/app-any-to-any.sky
[23:01:32 - Thread-7] [MspMote.java:235] [INFO] - Loading firmware from: /home/mahyoub/Dropbox/Implementation/orpl/examples-full/app-any-to-any.sky
[23:01:32 - Thread-7] [MspMote.java:235] [INFO] - Loading firmware from: /home/mahyoub/Dropbox/Implementation/orpl/examples-full/app-any-to-any.sky
[23:01:32 - Thread-7] [MspMote.java:235] [INFO] - Loading firmware from: /home/mahyoub/Dropbox/Implementation/orpl/examples-full/app-any-to-any.sky
[23:01:32 - Thread-7] [MspMote.java:235] [INFO] - Loading firmware from: /home/mahyoub/Dropbox/Implementation/orpl/examples-full/app-any-to-any.sky
[23:01:32 - Thread-7] [MspMote.java:235] [INFO] - Loading firmware from: /home/mahyoub/Dropbox/Implementation/orpl/examples-full/app-any-to-any.sky
[23:01:32 - Thread-7] [MspMote.java:235] [INFO] - Loading firmware from: /home/mahyoub/Dropbox/Implementation/orpl/examples-full/app-any-to-any.sky
[23:01:32 - Thread-7] [MspMote.java:235] [INFO] - Loading firmware from: /home/mahyoub/Dropbox/Implementation/orpl/examples-full/app-any-to-any.sky
[23:01:32 - Thread-7] [MspMote.java:235] [INFO] - Loading firmware from: /home/mahyoub/Dropbox/Implementation/orpl/examples-full/app-any-to-any.sky
[23:01:32 - Thread-7] [MspMote.java:235] [INFO] - Loading firmware from: /home/mahyoub/Dropbox/Implementation/orpl/examples-full/app-any-to-any.sky
[23:01:32 - Thread-7] [MspMote.java:235] [INFO] - Loading firmware from: /home/mahyoub/Dropbox/Implementation/orpl/examples-full/app-any-to-any.sky
[23:01:32 - Thread-7] [MspMote.java:235] [INFO] - Loading firmware from: /home/mahyoub/Dropbox/Implementation/orpl/examples-full/app-any-to-any.sky
[23:01:32 - Thread-7] [ScriptRunner.java:430] [INFO] - Test script deactivated
[23:01:32 - Thread-7] [LogScriptEngine.java:265] [INFO] - Script timeout in 21000000 ms
[23:01:33 - Thread-7] [ScriptRunner.java:387] [INFO] - Test script activated
[23:01:33 - Thread-9] [Simulation.java:253] [INFO] - Simulation main loop started, system time: 1590868893338
[23:18:31 - Thread-9] [LogScriptEngine.java:389] [INFO] - Test script at 5.00%, done in 19341.8 sec
[23:39:24 - Thread-9] [LogScriptEngine.java:389] [INFO] - Test script at 10.00%, done in 20438.7 sec
[23:58:47 - Thread-9] [LogScriptEngine.java:389] [INFO] - Test script at 15.00%, done in 19460.2 sec
[00:29:54 - Thread-9] [LogScriptEngine.java:389] [INFO] - Test script at 20.00%, done in 21206.9 sec
[01:02:46 - Thread-9] [LogScriptEngine.java:389] [INFO] - Test script at 25.00%, done in 21819.9 sec
[01:32:38 - Thread-9] [LogScriptEngine.java:389] [INFO] - Test script at 30.00%, done in 21152.2 sec
[02:05:08 - Thread-9] [LogScriptEngine.java:389] [INFO] - Test script at 35.00%, done in 20456.9 sec
[02:39:42 - Thread-9] [LogScriptEngine.java:389] [INFO] - Test script at 40.00%, done in 19633.9 sec
[03:13:54 - Thread-9] [LogScriptEngine.java:389] [INFO] - Test script at 45.00%, done in 18506.7 sec
[03:44:11 - Thread-9] [LogScriptEngine.java:389] [INFO] - Test script at 50.00%, done in 16958.5 sec
[04:15:50 - Thread-9] [LogScriptEngine.java:389] [INFO] - Test script at 55.00%, done in 15428.5 sec
[04:47:08 - Thread-9] [LogScriptEngine.java:389] [INFO] - Test script at 60.00%, done in 13823.6 sec
[05:20:30 - Thread-9] [LogScriptEngine.java:389] [INFO] - Test script at 65.00%, done in 12243.4 sec
[05:51:59 - Thread-9] [LogScriptEngine.java:389] [INFO] - Test script at 70.00%, done in 10554.1 sec
[06:26:00 - Thread-9] [LogScriptEngine.java:389] [INFO] - Test script at 75.00%, done in 8889.1 sec
[06:59:02 - Thread-9] [LogScriptEngine.java:389] [INFO] - Test script at 80.00%, done in 7162.4 sec
[07:33:24 - Thread-9] [LogScriptEngine.java:389] [INFO] - Test script at 85.00%, done in 5419.6 sec
[08:09:38 - Thread-9] [LogScriptEngine.java:389] [INFO] - Test script at 90.00%, done in 3653.9 sec
[08:45:28 - Thread-9] [LogScriptEngine.java:389] [INFO] - Test script at 95.00%, done in 1844.0 sec
[08:51:45 - Thread-8] [LogScriptEngine.java:309] [INFO] - Test script finished
[08:51:45 - Thread-9] [Simulation.java:312] [INFO] - Simulation main loop stopped, system time: 1590904305376	Duration: 35412038 ms	Simulated time 20162724 ms	Ratio 0.5693748549575147
[13:47:10 - AWT-EventQueue-1] [ScriptRunner.java:430] [INFO] - Test script deactivated
[13:47:10 - Thread-10] [AbstractRadioMedium.java:196] [FATAL] - Connection source turned off radio: org.contikios.cooja.mspmote.interfaces.Msp802154Radio@d76759d
[13:47:10 - Thread-10] [Simulation.java:422] [INFO] - Simulation random seed: 9173146693300659226
[13:47:10 - Thread-10] [CompileContiki.java:140] [INFO] - > make app-any-to-any.sky TARGET=sky 
[13:47:25 - Thread-10] [MspMote.java:235] [INFO] - Loading firmware from: /home/mahyoub/Dropbox/Implementation/orpl/examples-full/app-any-to-any.sky
[13:47:26 - Thread-10] [MspMote.java:235] [INFO] - Loading firmware from: /home/mahyoub/Dropbox/Implementation/orpl/examples-full/app-any-to-any.sky
[13:47:26 - Thread-10] [MspMote.java:235] [INFO] - Loading firmware from: /home/mahyoub/Dropbox/Implementation/orpl/examples-full/app-any-to-any.sky
[13:47:26 - Thread-10] [MspMote.java:235] [INFO] - Loading firmware from: /home/mahyoub/Dropbox/Implementation/orpl/examples-full/app-any-to-any.sky
[13:47:26 - Thread-10] [MspMote.java:235] [INFO] - Loading firmware from: /home/mahyoub/Dropbox/Implementation/orpl/examples-full/app-any-to-any.sky
[13:47:26 - Thread-10] [MspMote.java:235] [INFO] - Loading firmware from: /home/mahyoub/Dropbox/Implementation/orpl/examples-full/app-any-to-any.sky
[13:47:26 - Thread-10] [MspMote.java:235] [INFO] - Loading firmware from: /home/mahyoub/Dropbox/Implementation/orpl/examples-full/app-any-to-any.sky
[13:47:26 - Thread-10] [MspMote.java:235] [INFO] - Loading firmware from: /home/mahyoub/Dropbox/Implementation/orpl/examples-full/app-any-to-any.sky
[13:47:26 - Thread-10] [MspMote.java:235] [INFO] - Loading firmware from: /home/mahyoub/Dropbox/Implementation/orpl/examples-full/app-any-to-any.sky
[13:47:26 - Thread-10] [MspMote.java:235] [INFO] - Loading firmware from: /home/mahyoub/Dropbox/Implementation/orpl/examples-full/app-any-to-any.sky
[13:47:26 - Thread-10] [MspMote.java:235] [INFO] - Loading firmware from: /home/mahyoub/Dropbox/Implementation/orpl/examples-full/app-any-to-any.sky
[13:47:26 - Thread-10] [MspMote.java:235] [INFO] - Loading firmware from: /home/mahyoub/Dropbox/Implementation/orpl/examples-full/app-any-to-any.sky
[13:47:26 - Thread-10] [MspMote.java:235] [INFO] - Loading firmware from: /home/mahyoub/Dropbox/Implementation/orpl/examples-full/app-any-to-any.sky
[13:47:26 - Thread-10] [MspMote.java:235] [INFO] - Loading firmware from: /home/mahyoub/Dropbox/Implementation/orpl/examples-full/app-any-to-any.sky
[13:47:26 - Thread-10] [MspMote.java:235] [INFO] - Loading firmware from: /home/mahyoub/Dropbox/Implementation/orpl/examples-full/app-any-to-any.sky
[13:47:26 - Thread-10] [MspMote.java:235] [INFO] - Loading firmware from: /home/mahyoub/Dropbox/Implementation/orpl/examples-full/app-any-to-any.sky
[13:47:26 - Thread-10] [MspMote.java:235] [INFO] - Loading firmware from: /home/mahyoub/Dropbox/Implementation/orpl/examples-full/app-any-to-any.sky
[13:47:26 - Thread-10] [MspMote.java:235] [INFO] - Loading firmware from: /home/mahyoub/Dropbox/Implementation/orpl/examples-full/app-any-to-any.sky
[13:47:26 - Thread-10] [MspMote.java:235] [INFO] - Loading firmware from: /home/mahyoub/Dropbox/Implementation/orpl/examples-full/app-any-to-any.sky
[13:47:26 - Thread-10] [MspMote.java:235] [INFO] - Loading firmware from: /home/mahyoub/Dropbox/Implementation/orpl/examples-full/app-any-to-any.sky
[13:47:26 - Thread-10] [MspMote.java:235] [INFO] - Loading firmware from: /home/mahyoub/Dropbox/Implementation/orpl/examples-full/app-any-to-any.sky
[13:47:26 - Thread-10] [MspMote.java:235] [INFO] - Loading firmware from: /home/mahyoub/Dropbox/Implementation/orpl/examples-full/app-any-to-any.sky
[13:47:26 - Thread-10] [MspMote.java:235] [INFO] - Loading firmware from: /home/mahyoub/Dropbox/Implementation/orpl/examples-full/app-any-to-any.sky
[13:47:26 - Thread-10] [MspMote.java:235] [INFO] - Loading firmware from: /home/mahyoub/Dropbox/Implementation/orpl/examples-full/app-any-to-any.sky
[13:47:26 - Thread-10] [MspMote.java:235] [INFO] - Loading firmware from: /home/mahyoub/Dropbox/Implementation/orpl/examples-full/app-any-to-any.sky
[13:47:26 - Thread-10] [MspMote.java:235] [INFO] - Loading firmware from: /home/mahyoub/Dropbox/Implementation/orpl/examples-full/app-any-to-any.sky
[13:47:26 - Thread-10] [MspMote.java:235] [INFO] - Loading firmware from: /home/mahyoub/Dropbox/Implementation/orpl/examples-full/app-any-to-any.sky
[13:47:26 - Thread-10] [MspMote.java:235] [INFO] - Loading firmware from: /home/mahyoub/Dropbox/Implementation/orpl/examples-full/app-any-to-any.sky
[13:47:26 - Thread-10] [MspMote.java:235] [INFO] - Loading firmware from: /home/mahyoub/Dropbox/Implementation/orpl/examples-full/app-any-to-any.sky
[13:47:26 - Thread-10] [MspMote.java:235] [INFO] - Loading firmware from: /home/mahyoub/Dropbox/Implementation/orpl/examples-full/app-any-to-any.sky
[13:47:26 - Thread-10] [MspMote.java:235] [INFO] - Loading firmware from: /home/mahyoub/Dropbox/Implementation/orpl/examples-full/app-any-to-any.sky
[13:47:26 - Thread-10] [MspMote.java:235] [INFO] - Loading firmware from: /home/mahyoub/Dropbox/Implementation/orpl/examples-full/app-any-to-any.sky
[13:47:26 - Thread-10] [MspMote.java:235] [INFO] - Loading firmware from: /home/mahyoub/Dropbox/Implementation/orpl/examples-full/app-any-to-any.sky
[13:47:26 - Thread-10] [MspMote.java:235] [INFO] - Loading firmware from: /home/mahyoub/Dropbox/Implementation/orpl/examples-full/app-any-to-any.sky
[13:47:26 - Thread-10] [MspMote.java:235] [INFO] - Loading firmware from: /home/mahyoub/Dropbox/Implementation/orpl/examples-full/app-any-to-any.sky
[13:47:26 - Thread-10] [MspMote.java:235] [INFO] - Loading firmware from: /home/mahyoub/Dropbox/Implementation/orpl/examples-full/app-any-to-any.sky
[13:47:26 - Thread-10] [MspMote.java:235] [INFO] - Loading firmware from: /home/mahyoub/Dropbox/Implementation/orpl/examples-full/app-any-to-any.sky
[13:47:26 - Thread-10] [MspMote.java:235] [INFO] - Loading firmware from: /home/mahyoub/Dropbox/Implementation/orpl/examples-full/app-any-to-any.sky
[13:47:26 - Thread-10] [MspMote.java:235] [INFO] - Loading firmware from: /home/mahyoub/Dropbox/Implementation/orpl/examples-full/app-any-to-any.sky
[13:47:26 - Thread-10] [MspMote.java:235] [INFO] - Loading firmware from: /home/mahyoub/Dropbox/Implementation/orpl/examples-full/app-any-to-any.sky
[13:47:26 - Thread-10] [MspMote.java:235] [INFO] - Loading firmware from: /home/mahyoub/Dropbox/Implementation/orpl/examples-full/app-any-to-any.sky
[13:47:26 - Thread-10] [MspMote.java:235] [INFO] - Loading firmware from: /home/mahyoub/Dropbox/Implementation/orpl/examples-full/app-any-to-any.sky
[13:47:26 - Thread-10] [MspMote.java:235] [INFO] - Loading firmware from: /home/mahyoub/Dropbox/Implementation/orpl/examples-full/app-any-to-any.sky
[13:47:26 - Thread-10] [MspMote.java:235] [INFO] - Loading firmware from: /home/mahyoub/Dropbox/Implementation/orpl/examples-full/app-any-to-any.sky
[13:47:26 - Thread-10] [MspMote.java:235] [INFO] - Loading firmware from: /home/mahyoub/Dropbox/Implementation/orpl/examples-full/app-any-to-any.sky
[13:47:26 - Thread-10] [MspMote.java:235] [INFO] - Loading firmware from: /home/mahyoub/Dropbox/Implementation/orpl/examples-full/app-any-to-any.sky
[13:47:26 - Thread-10] [MspMote.java:235] [INFO] - Loading firmware from: /home/mahyoub/Dropbox/Implementation/orpl/examples-full/app-any-to-any.sky
[13:47:26 - Thread-10] [MspMote.java:235] [INFO] - Loading firmware from: /home/mahyoub/Dropbox/Implementation/orpl/examples-full/app-any-to-any.sky
[13:47:26 - Thread-10] [MspMote.java:235] [INFO] - Loading firmware from: /home/mahyoub/Dropbox/Implementation/orpl/examples-full/app-any-to-any.sky
[13:47:26 - Thread-10] [MspMote.java:235] [INFO] - Loading firmware from: /home/mahyoub/Dropbox/Implementation/orpl/examples-full/app-any-to-any.sky
[13:47:27 - Thread-10] [ScriptRunner.java:430] [INFO] - Test script deactivated
[13:47:27 - Thread-10] [LogScriptEngine.java:265] [INFO] - Script timeout in 21000000 ms
[13:47:27 - Thread-10] [ScriptRunner.java:387] [INFO] - Test script activated
[13:47:29 - Thread-12] [Simulation.java:253] [INFO] - Simulation main loop started, system time: 1590922049873
[14:25:23 - Thread-12] [LogScriptEngine.java:389] [INFO] - Test script at 5.00%, done in 43247.0 sec
[14:29:38 - Thread-12] [Simulation.java:312] [INFO] - Simulation main loop stopped, system time: 1590924578605	Duration: 2528732 ms	Simulated time 1121165 ms	Ratio 0.4433704322957118
[14:29:40 - Thread-11] [LogScriptEngine.java:309] [INFO] - Test script finished
[14:29:40 - AWT-EventQueue-1] [ScriptRunner.java:430] [INFO] - Test script deactivated
[14:29:40 - Thread-13] [AbstractRadioMedium.java:196] [FATAL] - Connection source turned off radio: org.contikios.cooja.mspmote.interfaces.Msp802154Radio@3bac6bd9
[14:29:40 - Thread-13] [AbstractRadioMedium.java:196] [FATAL] - Connection source turned off radio: org.contikios.cooja.mspmote.interfaces.Msp802154Radio@37a4f1a3
[14:29:40 - Thread-13] [AbstractRadioMedium.java:196] [FATAL] - Connection source turned off radio: org.contikios.cooja.mspmote.interfaces.Msp802154Radio@2e1c0ea8
[14:29:40 - Thread-13] [AbstractRadioMedium.java:196] [FATAL] - Connection source turned off radio: org.contikios.cooja.mspmote.interfaces.Msp802154Radio@784d342
[14:29:40 - Thread-13] [AbstractRadioMedium.java:196] [FATAL] - Connection source turned off radio: org.contikios.cooja.mspmote.interfaces.Msp802154Radio@74cfc5e9
[14:29:40 - Thread-13] [AbstractRadioMedium.java:196] [FATAL] - Connection source turned off radio: org.contikios.cooja.mspmote.interfaces.Msp802154Radio@76b347be
[14:29:40 - Thread-13] [AbstractRadioMedium.java:196] [FATAL] - Connection source turned off radio: org.contikios.cooja.mspmote.interfaces.Msp802154Radio@5f317531
[14:29:41 - Thread-13] [Simulation.java:422] [INFO] - Simulation random seed: 9173146693300659226
[14:29:41 - Thread-13] [CompileContiki.java:140] [INFO] - > make app-any-to-any.sky TARGET=sky 
[14:29:41 - Thread-13] [MspMote.java:235] [INFO] - Loading firmware from: /home/mahyoub/Dropbox/Implementation/orpl/examples-full/app-any-to-any.sky
[14:29:41 - Thread-13] [MspMote.java:235] [INFO] - Loading firmware from: /home/mahyoub/Dropbox/Implementation/orpl/examples-full/app-any-to-any.sky
[14:29:41 - Thread-13] [MspMote.java:235] [INFO] - Loading firmware from: /home/mahyoub/Dropbox/Implementation/orpl/examples-full/app-any-to-any.sky
[14:29:41 - Thread-13] [MspMote.java:235] [INFO] - Loading firmware from: /home/mahyoub/Dropbox/Implementation/orpl/examples-full/app-any-to-any.sky
[14:29:41 - Thread-13] [MspMote.java:235] [INFO] - Loading firmware from: /home/mahyoub/Dropbox/Implementation/orpl/examples-full/app-any-to-any.sky
[14:29:41 - Thread-13] [MspMote.java:235] [INFO] - Loading firmware from: /home/mahyoub/Dropbox/Implementation/orpl/examples-full/app-any-to-any.sky
[14:29:41 - Thread-13] [MspMote.java:235] [INFO] - Loading firmware from: /home/mahyoub/Dropbox/Implementation/orpl/examples-full/app-any-to-any.sky
[14:29:41 - Thread-13] [MspMote.java:235] [INFO] - Loading firmware from: /home/mahyoub/Dropbox/Implementation/orpl/examples-full/app-any-to-any.sky
[14:29:41 - Thread-13] [MspMote.java:235] [INFO] - Loading firmware from: /home/mahyoub/Dropbox/Implementation/orpl/examples-full/app-any-to-any.sky
[14:29:41 - Thread-13] [MspMote.java:235] [INFO] - Loading firmware from: /home/mahyoub/Dropbox/Implementation/orpl/examples-full/app-any-to-any.sky
[14:29:41 - Thread-13] [MspMote.java:235] [INFO] - Loading firmware from: /home/mahyoub/Dropbox/Implementation/orpl/examples-full/app-any-to-any.sky
[14:29:41 - Thread-13] [MspMote.java:235] [INFO] - Loading firmware from: /home/mahyoub/Dropbox/Implementation/orpl/examples-full/app-any-to-any.sky
[14:29:41 - Thread-13] [MspMote.java:235] [INFO] - Loading firmware from: /home/mahyoub/Dropbox/Implementation/orpl/examples-full/app-any-to-any.sky
[14:29:41 - Thread-13] [MspMote.java:235] [INFO] - Loading firmware from: /home/mahyoub/Dropbox/Implementation/orpl/examples-full/app-any-to-any.sky
[14:29:41 - Thread-13] [MspMote.java:235] [INFO] - Loading firmware from: /home/mahyoub/Dropbox/Implementation/orpl/examples-full/app-any-to-any.sky
[14:29:42 - Thread-13] [MspMote.java:235] [INFO] - Loading firmware from: /home/mahyoub/Dropbox/Implementation/orpl/examples-full/app-any-to-any.sky
[14:29:42 - Thread-13] [MspMote.java:235] [INFO] - Loading firmware from: /home/mahyoub/Dropbox/Implementation/orpl/examples-full/app-any-to-any.sky
[14:29:42 - Thread-13] [MspMote.java:235] [INFO] - Loading firmware from: /home/mahyoub/Dropbox/Implementation/orpl/examples-full/app-any-to-any.sky
[14:29:42 - Thread-13] [MspMote.java:235] [INFO] - Loading firmware from: /home/mahyoub/Dropbox/Implementation/orpl/examples-full/app-any-to-any.sky
[14:29:42 - Thread-13] [MspMote.java:235] [INFO] - Loading firmware from: /home/mahyoub/Dropbox/Implementation/orpl/examples-full/app-any-to-any.sky
[14:29:42 - Thread-13] [MspMote.java:235] [INFO] - Loading firmware from: /home/mahyoub/Dropbox/Implementation/orpl/examples-full/app-any-to-any.sky
[14:29:42 - Thread-13] [MspMote.java:235] [INFO] - Loading firmware from: /home/mahyoub/Dropbox/Implementation/orpl/examples-full/app-any-to-any.sky
[14:29:42 - Thread-13] [MspMote.java:235] [INFO] - Loading firmware from: /home/mahyoub/Dropbox/Implementation/orpl/examples-full/app-any-to-any.sky
[14:29:42 - Thread-13] [MspMote.java:235] [INFO] - Loading firmware from: /home/mahyoub/Dropbox/Implementation/orpl/examples-full/app-any-to-any.sky
[14:29:42 - Thread-13] [MspMote.java:235] [INFO] - Loading firmware from: /home/mahyoub/Dropbox/Implementation/orpl/examples-full/app-any-to-any.sky
[14:29:42 - Thread-13] [MspMote.java:235] [INFO] - Loading firmware from: /home/mahyoub/Dropbox/Implementation/orpl/examples-full/app-any-to-any.sky
[14:29:42 - Thread-13] [MspMote.java:235] [INFO] - Loading firmware from: /home/mahyoub/Dropbox/Implementation/orpl/examples-full/app-any-to-any.sky
[14:29:42 - Thread-13] [MspMote.java:235] [INFO] - Loading firmware from: /home/mahyoub/Dropbox/Implementation/orpl/examples-full/app-any-to-any.sky
[14:29:42 - Thread-13] [MspMote.java:235] [INFO] - Loading firmware from: /home/mahyoub/Dropbox/Implementation/orpl/examples-full/app-any-to-any.sky
[14:29:42 - Thread-13] [MspMote.java:235] [INFO] - Loading firmware from: /home/mahyoub/Dropbox/Implementation/orpl/examples-full/app-any-to-any.sky
[14:29:42 - Thread-13] [MspMote.java:235] [INFO] - Loading firmware from: /home/mahyoub/Dropbox/Implementation/orpl/examples-full/app-any-to-any.sky
[14:29:42 - Thread-13] [MspMote.java:235] [INFO] - Loading firmware from: /home/mahyoub/Dropbox/Implementation/orpl/examples-full/app-any-to-any.sky
[14:29:42 - Thread-13] [MspMote.java:235] [INFO] - Loading firmware from: /home/mahyoub/Dropbox/Implementation/orpl/examples-full/app-any-to-any.sky
[14:29:42 - Thread-13] [MspMote.java:235] [INFO] - Loading firmware from: /home/mahyoub/Dropbox/Implementation/orpl/examples-full/app-any-to-any.sky
[14:29:42 - Thread-13] [MspMote.java:235] [INFO] - Loading firmware from: /home/mahyoub/Dropbox/Implementation/orpl/examples-full/app-any-to-any.sky
[14:29:42 - Thread-13] [MspMote.java:235] [INFO] - Loading firmware from: /home/mahyoub/Dropbox/Implementation/orpl/examples-full/app-any-to-any.sky
[14:29:42 - Thread-13] [MspMote.java:235] [INFO] - Loading firmware from: /home/mahyoub/Dropbox/Implementation/orpl/examples-full/app-any-to-any.sky
[14:29:42 - Thread-13] [MspMote.java:235] [INFO] - Loading firmware from: /home/mahyoub/Dropbox/Implementation/orpl/examples-full/app-any-to-any.sky
[14:29:42 - Thread-13] [MspMote.java:235] [INFO] - Loading firmware from: /home/mahyoub/Dropbox/Implementation/orpl/examples-full/app-any-to-any.sky
[14:29:42 - Thread-13] [MspMote.java:235] [INFO] - Loading firmware from: /home/mahyoub/Dropbox/Implementation/orpl/examples-full/app-any-to-any.sky
[14:29:42 - Thread-13] [MspMote.java:235] [INFO] - Loading firmware from: /home/mahyoub/Dropbox/Implementation/orpl/examples-full/app-any-to-any.sky
[14:29:42 - Thread-13] [MspMote.java:235] [INFO] - Loading firmware from: /home/mahyoub/Dropbox/Implementation/orpl/examples-full/app-any-to-any.sky
[14:29:42 - Thread-13] [MspMote.java:235] [INFO] - Loading firmware from: /home/mahyoub/Dropbox/Implementation/orpl/examples-full/app-any-to-any.sky
[14:29:42 - Thread-13] [MspMote.java:235] [INFO] - Loading firmware from: /home/mahyoub/Dropbox/Implementation/orpl/examples-full/app-any-to-any.sky
[14:29:42 - Thread-13] [MspMote.java:235] [INFO] - Loading firmware from: /home/mahyoub/Dropbox/Implementation/orpl/examples-full/app-any-to-any.sky
[14:29:42 - Thread-13] [MspMote.java:235] [INFO] - Loading firmware from: /home/mahyoub/Dropbox/Implementation/orpl/examples-full/app-any-to-any.sky
[14:29:42 - Thread-13] [MspMote.java:235] [INFO] - Loading firmware from: /home/mahyoub/Dropbox/Implementation/orpl/examples-full/app-any-to-any.sky
[14:29:42 - Thread-13] [MspMote.java:235] [INFO] - Loading firmware from: /home/mahyoub/Dropbox/Implementation/orpl/examples-full/app-any-to-any.sky
[14:29:42 - Thread-13] [MspMote.java:235] [INFO] - Loading firmware from: /home/mahyoub/Dropbox/Implementation/orpl/examples-full/app-any-to-any.sky
[14:29:42 - Thread-13] [MspMote.java:235] [INFO] - Loading firmware from: /home/mahyoub/Dropbox/Implementation/orpl/examples-full/app-any-to-any.sky
[14:29:42 - Thread-13] [ScriptRunner.java:430] [INFO] - Test script deactivated
[14:29:42 - Thread-13] [LogScriptEngine.java:265] [INFO] - Script timeout in 21000000 ms
[14:29:43 - Thread-13] [ScriptRunner.java:387] [INFO] - Test script activated
[14:30:22 - Thread-14] [LogScriptEngine.java:309] [INFO] - Test script finished
[14:30:22 - AWT-EventQueue-1] [ScriptRunner.java:430] [INFO] - Test script deactivated
[14:30:22 - Thread-15] [Simulation.java:422] [INFO] - Simulation random seed: 9173146693300659226
[14:30:22 - Thread-15] [CompileContiki.java:140] [INFO] - > make app-any-to-any.sky TARGET=sky 
[14:30:23 - Thread-15] [MspMote.java:235] [INFO] - Loading firmware from: /home/mahyoub/Dropbox/Implementation/orpl/examples-full/app-any-to-any.sky
[14:30:23 - Thread-15] [MspMote.java:235] [INFO] - Loading firmware from: /home/mahyoub/Dropbox/Implementation/orpl/examples-full/app-any-to-any.sky
[14:30:23 - Thread-15] [MspMote.java:235] [INFO] - Loading firmware from: /home/mahyoub/Dropbox/Implementation/orpl/examples-full/app-any-to-any.sky
[14:30:23 - Thread-15] [MspMote.java:235] [INFO] - Loading firmware from: /home/mahyoub/Dropbox/Implementation/orpl/examples-full/app-any-to-any.sky
[14:30:23 - Thread-15] [MspMote.java:235] [INFO] - Loading firmware from: /home/mahyoub/Dropbox/Implementation/orpl/examples-full/app-any-to-any.sky
[14:30:23 - Thread-15] [MspMote.java:235] [INFO] - Loading firmware from: /home/mahyoub/Dropbox/Implementation/orpl/examples-full/app-any-to-any.sky
[14:30:23 - Thread-15] [MspMote.java:235] [INFO] - Loading firmware from: /home/mahyoub/Dropbox/Implementation/orpl/examples-full/app-any-to-any.sky
[14:30:23 - Thread-15] [MspMote.java:235] [INFO] - Loading firmware from: /home/mahyoub/Dropbox/Implementation/orpl/examples-full/app-any-to-any.sky
[14:30:23 - Thread-15] [MspMote.java:235] [INFO] - Loading firmware from: /home/mahyoub/Dropbox/Implementation/orpl/examples-full/app-any-to-any.sky
[14:30:23 - Thread-15] [MspMote.java:235] [INFO] - Loading firmware from: /home/mahyoub/Dropbox/Implementation/orpl/examples-full/app-any-to-any.sky
[14:30:23 - Thread-15] [MspMote.java:235] [INFO] - Loading firmware from: /home/mahyoub/Dropbox/Implementation/orpl/examples-full/app-any-to-any.sky
[14:30:23 - Thread-15] [MspMote.java:235] [INFO] - Loading firmware from: /home/mahyoub/Dropbox/Implementation/orpl/examples-full/app-any-to-any.sky
[14:30:23 - Thread-15] [MspMote.java:235] [INFO] - Loading firmware from: /home/mahyoub/Dropbox/Implementation/orpl/examples-full/app-any-to-any.sky
[14:30:23 - Thread-15] [MspMote.java:235] [INFO] - Loading firmware from: /home/mahyoub/Dropbox/Implementation/orpl/examples-full/app-any-to-any.sky
[14:30:23 - Thread-15] [MspMote.java:235] [INFO] - Loading firmware from: /home/mahyoub/Dropbox/Implementation/orpl/examples-full/app-any-to-any.sky
[14:30:23 - Thread-15] [MspMote.java:235] [INFO] - Loading firmware from: /home/mahyoub/Dropbox/Implementation/orpl/examples-full/app-any-to-any.sky
[14:30:23 - Thread-15] [MspMote.java:235] [INFO] - Loading firmware from: /home/mahyoub/Dropbox/Implementation/orpl/examples-full/app-any-to-any.sky
[14:30:23 - Thread-15] [MspMote.java:235] [INFO] - Loading firmware from: /home/mahyoub/Dropbox/Implementation/orpl/examples-full/app-any-to-any.sky
[14:30:23 - Thread-15] [MspMote.java:235] [INFO] - Loading firmware from: /home/mahyoub/Dropbox/Implementation/orpl/examples-full/app-any-to-any.sky
[14:30:23 - Thread-15] [MspMote.java:235] [INFO] - Loading firmware from: /home/mahyoub/Dropbox/Implementation/orpl/examples-full/app-any-to-any.sky
[14:30:23 - Thread-15] [MspMote.java:235] [INFO] - Loading firmware from: /home/mahyoub/Dropbox/Implementation/orpl/examples-full/app-any-to-any.sky
[14:30:23 - Thread-15] [MspMote.java:235] [INFO] - Loading firmware from: /home/mahyoub/Dropbox/Implementation/orpl/examples-full/app-any-to-any.sky
[14:30:23 - Thread-15] [MspMote.java:235] [INFO] - Loading firmware from: /home/mahyoub/Dropbox/Implementation/orpl/examples-full/app-any-to-any.sky
[14:30:23 - Thread-15] [MspMote.java:235] [INFO] - Loading firmware from: /home/mahyoub/Dropbox/Implementation/orpl/examples-full/app-any-to-any.sky
[14:30:23 - Thread-15] [MspMote.java:235] [INFO] - Loading firmware from: /home/mahyoub/Dropbox/Implementation/orpl/examples-full/app-any-to-any.sky
[14:30:23 - Thread-15] [MspMote.java:235] [INFO] - Loading firmware from: /home/mahyoub/Dropbox/Implementation/orpl/examples-full/app-any-to-any.sky
[14:30:23 - Thread-15] [MspMote.java:235] [INFO] - Loading firmware from: /home/mahyoub/Dropbox/Implementation/orpl/examples-full/app-any-to-any.sky
[14:30:23 - Thread-15] [MspMote.java:235] [INFO] - Loading firmware from: /home/mahyoub/Dropbox/Implementation/orpl/examples-full/app-any-to-any.sky
[14:30:23 - Thread-15] [MspMote.java:235] [INFO] - Loading firmware from: /home/mahyoub/Dropbox/Implementation/orpl/examples-full/app-any-to-any.sky
[14:30:23 - Thread-15] [MspMote.java:235] [INFO] - Loading firmware from: /home/mahyoub/Dropbox/Implementation/orpl/examples-full/app-any-to-any.sky
[14:30:23 - Thread-15] [MspMote.java:235] [INFO] - Loading firmware from: /home/mahyoub/Dropbox/Implementation/orpl/examples-full/app-any-to-any.sky
[14:30:23 - Thread-15] [MspMote.java:235] [INFO] - Loading firmware from: /home/mahyoub/Dropbox/Implementation/orpl/examples-full/app-any-to-any.sky
[14:30:23 - Thread-15] [MspMote.java:235] [INFO] - Loading firmware from: /home/mahyoub/Dropbox/Implementation/orpl/examples-full/app-any-to-any.sky
[14:30:23 - Thread-15] [MspMote.java:235] [INFO] - Loading firmware from: /home/mahyoub/Dropbox/Implementation/orpl/examples-full/app-any-to-any.sky
[14:30:23 - Thread-15] [MspMote.java:235] [INFO] - Loading firmware from: /home/mahyoub/Dropbox/Implementation/orpl/examples-full/app-any-to-any.sky
[14:30:23 - Thread-15] [MspMote.java:235] [INFO] - Loading firmware from: /home/mahyoub/Dropbox/Implementation/orpl/examples-full/app-any-to-any.sky
[14:30:23 - Thread-15] [MspMote.java:235] [INFO] - Loading firmware from: /home/mahyoub/Dropbox/Implementation/orpl/examples-full/app-any-to-any.sky
[14:30:23 - Thread-15] [MspMote.java:235] [INFO] - Loading firmware from: /home/mahyoub/Dropbox/Implementation/orpl/examples-full/app-any-to-any.sky
[14:30:23 - Thread-15] [MspMote.java:235] [INFO] - Loading firmware from: /home/mahyoub/Dropbox/Implementation/orpl/examples-full/app-any-to-any.sky
[14:30:23 - Thread-15] [MspMote.java:235] [INFO] - Loading firmware from: /home/mahyoub/Dropbox/Implementation/orpl/examples-full/app-any-to-any.sky
[14:30:23 - Thread-15] [MspMote.java:235] [INFO] - Loading firmware from: /home/mahyoub/Dropbox/Implementation/orpl/examples-full/app-any-to-any.sky
[14:30:23 - Thread-15] [MspMote.java:235] [INFO] - Loading firmware from: /home/mahyoub/Dropbox/Implementation/orpl/examples-full/app-any-to-any.sky
[14:30:23 - Thread-15] [MspMote.java:235] [INFO] - Loading firmware from: /home/mahyoub/Dropbox/Implementation/orpl/examples-full/app-any-to-any.sky
[14:30:23 - Thread-15] [MspMote.java:235] [INFO] - Loading firmware from: /home/mahyoub/Dropbox/Implementation/orpl/examples-full/app-any-to-any.sky
[14:30:23 - Thread-15] [MspMote.java:235] [INFO] - Loading firmware from: /home/mahyoub/Dropbox/Implementation/orpl/examples-full/app-any-to-any.sky
[14:30:23 - Thread-15] [MspMote.java:235] [INFO] - Loading firmware from: /home/mahyoub/Dropbox/Implementation/orpl/examples-full/app-any-to-any.sky
[14:30:23 - Thread-15] [MspMote.java:235] [INFO] - Loading firmware from: /home/mahyoub/Dropbox/Implementation/orpl/examples-full/app-any-to-any.sky
[14:30:23 - Thread-15] [MspMote.java:235] [INFO] - Loading firmware from: /home/mahyoub/Dropbox/Implementation/orpl/examples-full/app-any-to-any.sky
[14:30:23 - Thread-15] [MspMote.java:235] [INFO] - Loading firmware from: /home/mahyoub/Dropbox/Implementation/orpl/examples-full/app-any-to-any.sky
[14:30:23 - Thread-15] [MspMote.java:235] [INFO] - Loading firmware from: /home/mahyoub/Dropbox/Implementation/orpl/examples-full/app-any-to-any.sky
[14:30:24 - Thread-15] [ScriptRunner.java:430] [INFO] - Test script deactivated
[14:30:24 - Thread-15] [LogScriptEngine.java:265] [INFO] - Script timeout in 21000000 ms
[14:30:24 - Thread-15] [ScriptRunner.java:387] [INFO] - Test script activated
[14:30:26 - Thread-17] [Simulation.java:253] [INFO] - Simulation main loop started, system time: 1590924626125
[15:02:36 - Thread-17] [LogScriptEngine.java:389] [INFO] - Test script at 5.00%, done in 36711.2 sec
[17:00:58 - Thread-17] [LogScriptEngine.java:389] [INFO] - Test script at 10.00%, done in 81302.7 sec
[19:32:03 - Thread-17] [LogScriptEngine.java:389] [INFO] - Test script at 15.00%, done in 102559.2 sec
[22:06:56 - Thread-17] [LogScriptEngine.java:389] [INFO] - Test script at 20.00%, done in 109567.4 sec
[00:48:54 - Thread-17] [LogScriptEngine.java:389] [INFO] - Test script at 25.00%, done in 111330.3 sec
[03:10:41 - Thread-17] [LogScriptEngine.java:389] [INFO] - Test script at 30.00%, done in 106438.9 sec
[05:36:56 - Thread-17] [LogScriptEngine.java:389] [INFO] - Test script at 35.00%, done in 101013.5 sec
[07:55:20 - Thread-17] [LogScriptEngine.java:389] [INFO] - Test script at 40.00%, done in 94044.7 sec
[10:27:19 - Thread-17] [LogScriptEngine.java:389] [INFO] - Test script at 45.00%, done in 87774.1 sec
[13:05:37 - Thread-17] [LogScriptEngine.java:389] [INFO] - Test script at 50.00%, done in 81313.1 sec
